have_func: checking for rb_os_allocated_objects()... -------------------- no

"gcc -o conftest -I/home/isucon/local/ruby/include/ruby-2.5.0/x86_64-linux -I/home/isucon/local/ruby/include/ruby-2.5.0/ruby/backward -I/home/isucon/local/ruby/include/ruby-2.5.0 -I. -I/home/isucon/local/ruby/include    -O3 -ggdb3 -Wall -Wextra -Wno-unused-parameter -Wno-parentheses -Wno-long-long -Wno-missing-field-initializers -Wno-tautological-compare -Wno-parentheses-equality -Wno-constant-logical-operand -Wno-self-assign -Wunused-variable -Wimplicit-int -Wpointer-arith -Wwrite-strings -Wdeclaration-after-statement -Wimplicit-function-declaration -Wdeprecated-declarations -Wno-packed-bitfield-compat -Wsuggest-attribute=noreturn -Wsuggest-attribute=format conftest.c  -L. -L/home/isucon/local/ruby/lib -Wl,-rpath,/home/isucon/local/ruby/lib -L. -L/home/isucon/local/ruby/lib  -fstack-protector -rdynamic -Wl,-export-dynamic     -Wl,-rpath,/home/isucon/local/ruby/lib -L/home/isucon/local/ruby/lib -lruby-static  -lpthread -ldl -lcrypt -lm   -lc"
checked program was:
/* begin */
1: #include "ruby.h"
2: 
3: int main(int argc, char **argv)
4: {
5:   return 0;
6: }
/* end */

"gcc -o conftest -I/home/isucon/local/ruby/include/ruby-2.5.0/x86_64-linux -I/home/isucon/local/ruby/include/ruby-2.5.0/ruby/backward -I/home/isucon/local/ruby/include/ruby-2.5.0 -I. -I/home/isucon/local/ruby/include    -O3 -ggdb3 -Wall -Wextra -Wno-unused-parameter -Wno-parentheses -Wno-long-long -Wno-missing-field-initializers -Wno-tautological-compare -Wno-parentheses-equality -Wno-constant-logical-operand -Wno-self-assign -Wunused-variable -Wimplicit-int -Wpointer-arith -Wwrite-strings -Wdeclaration-after-statement -Wimplicit-function-declaration -Wdeprecated-declarations -Wno-packed-bitfield-compat -Wsuggest-attribute=noreturn -Wsuggest-attribute=format conftest.c  -L. -L/home/isucon/local/ruby/lib -Wl,-rpath,/home/isucon/local/ruby/lib -L. -L/home/isucon/local/ruby/lib  -fstack-protector -rdynamic -Wl,-export-dynamic     -Wl,-rpath,/home/isucon/local/ruby/lib -L/home/isucon/local/ruby/lib -lruby-static  -lpthread -ldl -lcrypt -lm   -lc"
conftest.c: 関数 ‘t’ 内:
conftest.c:13:57: エラー: ‘rb_os_allocated_objects’ が宣言されていません (この関数内での最初の使用)
 int t(void) { void ((*volatile p)()); p = (void ((*)()))rb_os_allocated_objects; return !p; }
                                                         ^
conftest.c:13:57: 備考: 未宣言の識別子は出現した各関数内で一回のみ報告されます
conftest.c: トップレベル:
cc1: 警告: 認識できないコマンドラインオプション "-Wno-self-assign" です [デフォルトで有効]
cc1: 警告: 認識できないコマンドラインオプション "-Wno-constant-logical-operand" です [デフォルトで有効]
cc1: 警告: 認識できないコマンドラインオプション "-Wno-parentheses-equality" です [デフォルトで有効]
cc1: 警告: 認識できないコマンドラインオプション "-Wno-tautological-compare" です [デフォルトで有効]
checked program was:
/* begin */
 1: #include "ruby.h"
 2: 
 3: /*top*/
 4: extern int t(void);
 5: int main(int argc, char **argv)
 6: {
 7:   if (argc > 1000000) {
 8:     printf("%p", &t);
 9:   }
10: 
11:   return 0;
12: }
13: int t(void) { void ((*volatile p)()); p = (void ((*)()))rb_os_allocated_objects; return !p; }
/* end */

"gcc -o conftest -I/home/isucon/local/ruby/include/ruby-2.5.0/x86_64-linux -I/home/isucon/local/ruby/include/ruby-2.5.0/ruby/backward -I/home/isucon/local/ruby/include/ruby-2.5.0 -I. -I/home/isucon/local/ruby/include    -O3 -ggdb3 -Wall -Wextra -Wno-unused-parameter -Wno-parentheses -Wno-long-long -Wno-missing-field-initializers -Wno-tautological-compare -Wno-parentheses-equality -Wno-constant-logical-operand -Wno-self-assign -Wunused-variable -Wimplicit-int -Wpointer-arith -Wwrite-strings -Wdeclaration-after-statement -Wimplicit-function-declaration -Wdeprecated-declarations -Wno-packed-bitfield-compat -Wsuggest-attribute=noreturn -Wsuggest-attribute=format conftest.c  -L. -L/home/isucon/local/ruby/lib -Wl,-rpath,/home/isucon/local/ruby/lib -L. -L/home/isucon/local/ruby/lib  -fstack-protector -rdynamic -Wl,-export-dynamic     -Wl,-rpath,/home/isucon/local/ruby/lib -L/home/isucon/local/ruby/lib -lruby-static  -lpthread -ldl -lcrypt -lm   -lc"
/tmp/ccGETGvv.o: 関数 `t' 内:
/home/isucon/torb/webapp/ruby/.bundle/ruby/2.5.0/gems/rblineprof-0.3.7/ext/conftest.c:14: `rb_os_allocated_objects' に対する定義されていない参照です
collect2: エラー: ld はステータス 1 で終了しました
checked program was:
/* begin */
 1: #include "ruby.h"
 2: 
 3: /*top*/
 4: extern int t(void);
 5: int main(int argc, char **argv)
 6: {
 7:   if (argc > 1000000) {
 8:     printf("%p", &t);
 9:   }
10: 
11:   return 0;
12: }
13: extern void rb_os_allocated_objects();
14: int t(void) { rb_os_allocated_objects(); return 0; }
/* end */

--------------------

have_func: checking for rb_gc_stat()... -------------------- yes

"gcc -o conftest -I/home/isucon/local/ruby/include/ruby-2.5.0/x86_64-linux -I/home/isucon/local/ruby/include/ruby-2.5.0/ruby/backward -I/home/isucon/local/ruby/include/ruby-2.5.0 -I. -I/home/isucon/local/ruby/include    -O3 -ggdb3 -Wall -Wextra -Wno-unused-parameter -Wno-parentheses -Wno-long-long -Wno-missing-field-initializers -Wno-tautological-compare -Wno-parentheses-equality -Wno-constant-logical-operand -Wno-self-assign -Wunused-variable -Wimplicit-int -Wpointer-arith -Wwrite-strings -Wdeclaration-after-statement -Wimplicit-function-declaration -Wdeprecated-declarations -Wno-packed-bitfield-compat -Wsuggest-attribute=noreturn -Wsuggest-attribute=format conftest.c  -L. -L/home/isucon/local/ruby/lib -Wl,-rpath,/home/isucon/local/ruby/lib -L. -L/home/isucon/local/ruby/lib  -fstack-protector -rdynamic -Wl,-export-dynamic     -Wl,-rpath,/home/isucon/local/ruby/lib -L/home/isucon/local/ruby/lib -lruby-static  -lpthread -ldl -lcrypt -lm   -lc"
checked program was:
/* begin */
 1: #include "ruby.h"
 2: 
 3: /*top*/
 4: extern int t(void);
 5: int main(int argc, char **argv)
 6: {
 7:   if (argc > 1000000) {
 8:     printf("%p", &t);
 9:   }
10: 
11:   return 0;
12: }
13: int t(void) { void ((*volatile p)()); p = (void ((*)()))rb_gc_stat; return !p; }
/* end */

--------------------

have_func: checking for rb_profile_frames()... -------------------- yes

"gcc -o conftest -I/home/isucon/local/ruby/include/ruby-2.5.0/x86_64-linux -I/home/isucon/local/ruby/include/ruby-2.5.0/ruby/backward -I/home/isucon/local/ruby/include/ruby-2.5.0 -I. -I/home/isucon/local/ruby/include    -O3 -ggdb3 -Wall -Wextra -Wno-unused-parameter -Wno-parentheses -Wno-long-long -Wno-missing-field-initializers -Wno-tautological-compare -Wno-parentheses-equality -Wno-constant-logical-operand -Wno-self-assign -Wunused-variable -Wimplicit-int -Wpointer-arith -Wwrite-strings -Wdeclaration-after-statement -Wimplicit-function-declaration -Wdeprecated-declarations -Wno-packed-bitfield-compat -Wsuggest-attribute=noreturn -Wsuggest-attribute=format conftest.c  -L. -L/home/isucon/local/ruby/lib -Wl,-rpath,/home/isucon/local/ruby/lib -L. -L/home/isucon/local/ruby/lib  -fstack-protector -rdynamic -Wl,-export-dynamic     -Wl,-rpath,/home/isucon/local/ruby/lib -L/home/isucon/local/ruby/lib -lruby-static  -lpthread -ldl -lcrypt -lm   -lc"
conftest.c: 関数 ‘t’ 内:
conftest.c:13:57: エラー: ‘rb_profile_frames’ が宣言されていません (この関数内での最初の使用)
 int t(void) { void ((*volatile p)()); p = (void ((*)()))rb_profile_frames; return !p; }
                                                         ^
conftest.c:13:57: 備考: 未宣言の識別子は出現した各関数内で一回のみ報告されます
conftest.c: トップレベル:
cc1: 警告: 認識できないコマンドラインオプション "-Wno-self-assign" です [デフォルトで有効]
cc1: 警告: 認識できないコマンドラインオプション "-Wno-constant-logical-operand" です [デフォルトで有効]
cc1: 警告: 認識できないコマンドラインオプション "-Wno-parentheses-equality" です [デフォルトで有効]
cc1: 警告: 認識できないコマンドラインオプション "-Wno-tautological-compare" です [デフォルトで有効]
checked program was:
/* begin */
 1: #include "ruby.h"
 2: 
 3: /*top*/
 4: extern int t(void);
 5: int main(int argc, char **argv)
 6: {
 7:   if (argc > 1000000) {
 8:     printf("%p", &t);
 9:   }
10: 
11:   return 0;
12: }
13: int t(void) { void ((*volatile p)()); p = (void ((*)()))rb_profile_frames; return !p; }
/* end */

"gcc -o conftest -I/home/isucon/local/ruby/include/ruby-2.5.0/x86_64-linux -I/home/isucon/local/ruby/include/ruby-2.5.0/ruby/backward -I/home/isucon/local/ruby/include/ruby-2.5.0 -I. -I/home/isucon/local/ruby/include    -O3 -ggdb3 -Wall -Wextra -Wno-unused-parameter -Wno-parentheses -Wno-long-long -Wno-missing-field-initializers -Wno-tautological-compare -Wno-parentheses-equality -Wno-constant-logical-operand -Wno-self-assign -Wunused-variable -Wimplicit-int -Wpointer-arith -Wwrite-strings -Wdeclaration-after-statement -Wimplicit-function-declaration -Wdeprecated-declarations -Wno-packed-bitfield-compat -Wsuggest-attribute=noreturn -Wsuggest-attribute=format conftest.c  -L. -L/home/isucon/local/ruby/lib -Wl,-rpath,/home/isucon/local/ruby/lib -L. -L/home/isucon/local/ruby/lib  -fstack-protector -rdynamic -Wl,-export-dynamic     -Wl,-rpath,/home/isucon/local/ruby/lib -L/home/isucon/local/ruby/lib -lruby-static  -lpthread -ldl -lcrypt -lm   -lc"
checked program was:
/* begin */
 1: #include "ruby.h"
 2: 
 3: /*top*/
 4: extern int t(void);
 5: int main(int argc, char **argv)
 6: {
 7:   if (argc > 1000000) {
 8:     printf("%p", &t);
 9:   }
10: 
11:   return 0;
12: }
13: extern void rb_profile_frames();
14: int t(void) { rb_profile_frames(); return 0; }
/* end */

--------------------

have_func: checking for rb_tracepoint_new()... -------------------- yes

"gcc -o conftest -I/home/isucon/local/ruby/include/ruby-2.5.0/x86_64-linux -I/home/isucon/local/ruby/include/ruby-2.5.0/ruby/backward -I/home/isucon/local/ruby/include/ruby-2.5.0 -I. -I/home/isucon/local/ruby/include    -O3 -ggdb3 -Wall -Wextra -Wno-unused-parameter -Wno-parentheses -Wno-long-long -Wno-missing-field-initializers -Wno-tautological-compare -Wno-parentheses-equality -Wno-constant-logical-operand -Wno-self-assign -Wunused-variable -Wimplicit-int -Wpointer-arith -Wwrite-strings -Wdeclaration-after-statement -Wimplicit-function-declaration -Wdeprecated-declarations -Wno-packed-bitfield-compat -Wsuggest-attribute=noreturn -Wsuggest-attribute=format conftest.c  -L. -L/home/isucon/local/ruby/lib -Wl,-rpath,/home/isucon/local/ruby/lib -L. -L/home/isucon/local/ruby/lib  -fstack-protector -rdynamic -Wl,-export-dynamic     -Wl,-rpath,/home/isucon/local/ruby/lib -L/home/isucon/local/ruby/lib -lruby-static  -lpthread -ldl -lcrypt -lm   -lc"
conftest.c: 関数 ‘t’ 内:
conftest.c:13:57: エラー: ‘rb_tracepoint_new’ が宣言されていません (この関数内での最初の使用)
 int t(void) { void ((*volatile p)()); p = (void ((*)()))rb_tracepoint_new; return !p; }
                                                         ^
conftest.c:13:57: 備考: 未宣言の識別子は出現した各関数内で一回のみ報告されます
conftest.c: トップレベル:
cc1: 警告: 認識できないコマンドラインオプション "-Wno-self-assign" です [デフォルトで有効]
cc1: 警告: 認識できないコマンドラインオプション "-Wno-constant-logical-operand" です [デフォルトで有効]
cc1: 警告: 認識できないコマンドラインオプション "-Wno-parentheses-equality" です [デフォルトで有効]
cc1: 警告: 認識できないコマンドラインオプション "-Wno-tautological-compare" です [デフォルトで有効]
checked program was:
/* begin */
 1: #include "ruby.h"
 2: 
 3: /*top*/
 4: extern int t(void);
 5: int main(int argc, char **argv)
 6: {
 7:   if (argc > 1000000) {
 8:     printf("%p", &t);
 9:   }
10: 
11:   return 0;
12: }
13: int t(void) { void ((*volatile p)()); p = (void ((*)()))rb_tracepoint_new; return !p; }
/* end */

"gcc -o conftest -I/home/isucon/local/ruby/include/ruby-2.5.0/x86_64-linux -I/home/isucon/local/ruby/include/ruby-2.5.0/ruby/backward -I/home/isucon/local/ruby/include/ruby-2.5.0 -I. -I/home/isucon/local/ruby/include    -O3 -ggdb3 -Wall -Wextra -Wno-unused-parameter -Wno-parentheses -Wno-long-long -Wno-missing-field-initializers -Wno-tautological-compare -Wno-parentheses-equality -Wno-constant-logical-operand -Wno-self-assign -Wunused-variable -Wimplicit-int -Wpointer-arith -Wwrite-strings -Wdeclaration-after-statement -Wimplicit-function-declaration -Wdeprecated-declarations -Wno-packed-bitfield-compat -Wsuggest-attribute=noreturn -Wsuggest-attribute=format conftest.c  -L. -L/home/isucon/local/ruby/lib -Wl,-rpath,/home/isucon/local/ruby/lib -L. -L/home/isucon/local/ruby/lib  -fstack-protector -rdynamic -Wl,-export-dynamic     -Wl,-rpath,/home/isucon/local/ruby/lib -L/home/isucon/local/ruby/lib -lruby-static  -lpthread -ldl -lcrypt -lm   -lc"
checked program was:
/* begin */
 1: #include "ruby.h"
 2: 
 3: /*top*/
 4: extern int t(void);
 5: int main(int argc, char **argv)
 6: {
 7:   if (argc > 1000000) {
 8:     printf("%p", &t);
 9:   }
10: 
11:   return 0;
12: }
13: extern void rb_tracepoint_new();
14: int t(void) { rb_tracepoint_new(); return 0; }
/* end */

--------------------

